<?xml version="1.0" encoding="UTF-8"?>
<!-- Generated by org.testng.reporters.JUnitReportReporter -->
<testsuite skipped="0" hostname="Dell-7010" name="testcases.T02_LoginpageValidation" tests="1" failures="0" timestamp="2021-06-27T11:02:39 EDT" time="9.163" errors="0">
  <testcase name="loginpage" time="9.163" classname="testcases.T02_LoginpageValidation"/>
  <system-out/>
</testsuite> <!-- testcases.T02_LoginpageValidation -->
