<?xml version="1.0" encoding="UTF-8"?>
<!-- Generated by org.testng.reporters.JUnitReportReporter -->
<testsuite skipped="0" hostname="Dell-7010" name="testcases.T01_HomepageValidation" tests="1" failures="0" timestamp="2021-06-27T11:02:39 EDT" time="9.894" errors="0">
  <testcase name="homepageValidation" time="9.894" classname="testcases.T01_HomepageValidation"/>
  <system-out/>
</testsuite> <!-- testcases.T01_HomepageValidation -->
